reset_timestep 0

unfix 4
fix 4 gpCTbd move linear -$v 0 0 units box  # cutting speed = v * 100 (m s^-1 in the x-direction)
fix 4 gpCTbd move linear -3.0 0 0 units box  

# Output strain and stress info to file
# for units metal, pressure is in [bars] = 100 [kPa] = 1/10000 [GPa]
# p2, p3, p4 are in GPa


dump	 0dumpCSP all custom  500 ${respath}/dump.cutsic.*.lammpstrj id type mol x y z vx vy vz f_12
dump	 0dumpCSP all custom  500 3.0x100_m_s-1_SiC_EA/dump.cutsic.*.lammpstrj id type mol x y z vx vy vz f_12
  #c_atomdisp[4] c_atomstres[1] c_atomstres[2] c_atomstres[3] c_atomstres[4] c_atomstres[5] c_atomstres[6]
dump_modify 0dumpCSP element C Si C

write_restart cut_sic_re_eq.0000.restart
No /omp style for force computation currently active
WARNING: One or more atoms are time integrated more than once (../modify_cuda.cpp:225)
restart 10000 ${respath}/restart_files/cut_sic.*.restart
restart 10000 3.0x100_m_s-1_SiC_EA/restart_files/cut_sic.*.restart

# For the cutting advancement of 20 nm
variable Nstep equal ceil(400000/$v)
variable Nstep equal ceil(400000/3.0)
run ${Nstep}
run 133334
No /omp style for force computation currently active
WARNING: One or more atoms are time integrated more than once (../modify_cuda.cpp:225)
Memory usage per processor = 62.5147 Mbytes
Step myCTtemp myWPtemp Press TotEng Fmax Fnorm 
       0    314.30322    357.14702   -3409.7571   -781737.34    7.7823716    707.91453 
WARNING: # CUDA: You asked for a Verlet integration using Cuda, but several fixes have not yet been ported to Cuda.
This can cause a severe speed penalty due to frequent data synchronization between host and GPU. (../verlet_cuda.cpp:629)
     500    315.60335    358.52268   -5623.0316   -781447.23    7.6948846     704.9333 
    1000    314.93449    358.98773   -8169.1112   -781129.05    8.6531745    703.44599 
    1500     335.1312    370.96842   -8548.4244    -780848.4    9.0640226     702.3037 
    2000    334.05784    366.62339   -7321.1189   -780679.21    7.6948846    704.40935 
    2500    317.79781    365.94626   -8189.4904    -780540.8    7.6948846    702.68235 
    3000    306.60193    391.97698   -11752.594   -780454.85    9.1154062    698.11336 
    3500    345.63507    374.69697   -13387.604   -780428.06    7.6948846    694.24471 
    4000    355.01764    356.68418   -12163.054   -780487.93    7.6948846    695.06156 
    4500    339.74611    389.91706    -8415.688   -780411.57    7.9419597    699.67393 
    5000    309.65408    390.11102   -3262.7339   -780251.68    9.4632941    704.02623 
    5500    297.71027    373.32265   -374.63853   -780315.29    7.6948846    704.44011 
    6000    306.13864    383.54339   -3593.8678   -780605.27    7.6948846    700.06772 
    6500    302.46338    383.87474   -11135.854   -780923.82    9.3904917    696.11004 
    7000    304.10418     380.3213   -15659.828   -781203.51    8.0913706    691.62683 
    7500    301.11706    375.01123   -15222.559    -781396.2    7.6948846    694.32028 
    8000    293.75664    388.20551   -11311.853   -781531.73    7.6948846    696.20883 
    8500    315.79857    392.68573   -10129.363   -781569.43    12.088296    695.80497 
    9000    329.79079    381.17867   -7249.1877   -781430.11    7.6948846    697.73507 
    9500    320.95542    362.51476   -7861.6558    -781337.6    7.6948846    693.90034 
   10000    294.42815    387.94729   -5476.0568   -781351.13    9.1313264    696.39074 
   10500    301.31735    391.49085   -4191.4459   -781359.06    7.6948846    698.02524 
   11000     307.5676    374.05825   -3095.2876   -781185.33    8.5113158    701.39868 
   11500    309.59018    387.47572   -8693.2619   -780881.72    9.0621297    694.39318 
   12000    285.01463    397.69728    -14089.75   -780582.64    8.2354338    690.25468 
   12500    288.91975    374.58232   -18043.405   -780453.62    7.6948846    686.10464 
   13000    302.61202    383.29394   -13742.254   -780369.52    7.9303295    689.33927 
   13500    307.12662    407.48892   -3859.0897   -780379.91    8.4725279    698.58537 
   14000    309.77397    405.92328    3159.6376   -780638.92    9.5899956    706.16443 
   14500    296.08906    403.37196    3703.1552   -780864.78    11.421662    708.55159 
   15000    289.30353    397.47775    134.70226   -780973.01    8.4692902    705.53269 
   15500    293.93606    397.77402   -4375.1032   -780952.79    9.8437295      702.658 
   16000    313.36732    407.08011    -4219.907   -780913.88    8.6879132    706.42756 
   16500    321.13403    410.06536   -1091.1293   -780974.24    9.5344067    711.72143 
   17000    310.40237     408.1155    552.34444   -781077.24    13.534282    712.29728 
   17500     299.7925    408.91408    797.44009   -781001.52    18.496711    710.27933 
   18000    302.17423    387.42417    994.56635   -780820.38    9.0947509    706.78721 
   18500    292.29988    390.52406    2283.1557    -780564.4    9.3603289    707.08737 
   19000    294.39889    400.83484    5109.9317   -780133.36    8.5650296    710.52988 
   19500    289.23123    399.75554    7519.1975    -779642.7    9.5227286    717.16723 
   20000     292.2484     399.8616    9635.1535   -779216.98    10.118684    718.07727 
   20500    287.16048    406.06972    11692.138   -778940.45    10.322547    723.90598 
   21000    298.68356    416.67136    13248.623   -778803.37    15.976596    732.74483 
   21500     319.4191    444.70521    18876.099   -778647.02    13.861395    745.12418 
   22000    325.26464     456.2544    22551.477   -778359.78    15.006672    749.12038 
   22500     308.0153     438.0694    24299.677   -778155.42    14.454999    755.97556 
   23000    305.36662    440.36835    26901.174   -777953.87    12.125824    756.69396 
   23500    308.71267    441.15952    31372.153   -777691.96    15.008471    759.61839 
   24000    314.84927    443.09328    32615.313   -777464.75    12.087497    757.15193 
   24500    319.71352    456.36197    33235.526   -777262.23    11.260176     762.0476 
   25000    314.05543    450.84546    30109.505   -776956.68    20.100784    763.62741 
   25500    303.68075    466.06531    23425.236   -776481.57    14.841865    763.18036 
   26000     311.1368    492.84751    19152.302   -775828.17    15.239953    761.99572 
   26500    321.20222     494.1423    21838.239   -775156.64    20.845282    767.65626 
   27000    324.36722    512.32073    27998.479   -774590.85     15.91148    777.90433 
   27500    328.28138    526.35816    35517.598   -774120.38    25.265109    796.28011 
   28000    344.14718    559.17317    38075.731   -773760.74    22.169081    812.18164 
   28500    355.99451     611.1385    36856.829   -773458.91    23.158298    822.43784 
   29000    361.89631    639.69291    34977.621   -773079.45    24.803499    834.38228 
   29500    365.49617    651.61683    30165.589   -772635.95    21.569595    838.01967 
   30000    371.71092    689.29151    29070.689   -772332.76    19.663018     851.0732 
   30500    380.47217    724.72787    31984.031   -772167.15    24.301012    867.85236 
   31000    388.05979    754.32051    34937.108   -772140.87    35.407531    891.09345 
   31500     399.1298    781.28224    34962.461    -772224.1    25.185771    898.49332 
   32000    408.73785    783.73842    32803.493   -772292.34    22.972535    896.21577 
   32500    413.05815    746.78177    28709.704   -772293.24    20.666364    889.35104 
   33000    414.12241    789.36905     25812.09   -772198.55    21.669248     895.9452 
   33500    424.70984    806.04019    25567.437   -772061.35    20.290919    895.72506 
   34000    421.63482    821.89822    27420.507   -771971.35    23.555072    907.81755 
   34500     419.5187     818.7868    28901.591   -771972.91    21.367186    914.34891 
   35000    428.17257    827.71318    29204.347   -771943.16    39.516997    919.80431 
   35500     434.0593     805.5079    27986.408   -771838.89    23.754916    913.01328 
   36000    431.85172    775.81805    29130.777   -771701.86    18.389139    909.97608 
   36500    428.13439    775.81267     32079.81   -771570.91    23.614238    915.09938 
   37000    431.67762    792.12335    35610.792   -771504.05    23.974864     922.5162 
   37500    438.71033    784.60858    37460.483   -771461.45    23.399141    935.58718 
   38000    439.32391    772.37102    34322.501   -771443.54    19.643718    930.31009 
   38500    442.02647    781.60353    32498.546   -771438.19     24.25131    929.88647 
   39000    440.14305    764.87326    34455.801   -771348.06    25.119375    928.69904 
   39500    442.35132    765.42026     35703.12   -771177.41    26.037519      929.758 
   40000    443.80249    774.27903    37357.752   -771024.62    20.268557    929.84224 
   40500     447.4654    746.28253    40315.707   -770912.97     20.72181    938.05529 
   41000    442.12479    742.25645    42132.689   -770829.82    20.953796    937.87373 
   41500    443.31453    759.22889     42821.54   -770743.27    21.059964    938.53131 
   42000    446.54106      735.876    44304.489   -770552.56    17.663215    942.30845 
   42500    439.21933    723.80622    44565.582   -770306.51    22.253926    937.86177 
   43000    442.36711    726.66042     45451.61   -770067.41    20.494887     935.5678 
   43500     447.9255    715.76725    47127.156   -769796.52    22.999407    942.86853 
   44000    444.56247    727.75422    50304.845   -769603.75    24.169669    950.48141 
   44500    444.04844    730.45819    53566.491   -769440.45    20.020038    956.83511 
   45000    446.26245    745.11716    54859.086   -769231.46    21.179424    953.86883 
   45500    444.93489    742.66213    54571.871   -768975.56    22.489773    955.57875 
   46000    446.94553    748.73851    55481.335   -768671.33     19.45552    959.88916 
   46500    452.54751     748.3193    53833.968    -768352.2    22.475266     964.6042 
   47000    448.31215    760.26365    55044.375   -768117.49    20.156042    973.34136 
   47500    451.83556    772.75391    57813.012   -767932.71    20.680036    974.56857 
   48000    458.53822    788.63561    58709.654   -767707.66    23.058361    972.47952 
   48500    458.79857    786.70825    59209.908   -767498.96    29.164679    977.79001 
   49000    459.50609     793.8199    60193.456   -767283.35    21.124768    977.68205 
   49500    461.03858    798.47136    61411.924   -767060.81    23.333107    985.79034 
   50000    463.55373    810.44213    61716.171   -766861.55    20.518894    990.70516 
   50500    468.80606    829.32272    62029.965   -766687.65     19.34593    988.79717 
   51000    469.71041    827.09765    62164.503   -766520.03    19.938954    993.71435 
   51500    473.47853    841.33234    60034.934   -766347.73    18.485327    994.82161 
   52000    471.06565    854.94928    57400.507   -766120.71    29.604636    992.01226 
   52500    474.43136    858.54755    56431.686   -765892.98    19.490536    988.08639 
   53000    474.46349    902.84066    59899.851   -765700.45    33.279893     1000.103 
   53500    476.44958    959.65624    59872.748   -765567.12    32.056659    1001.9857 
   54000      481.568    995.09205    57419.211   -765463.95    26.376381     1009.166 
   54500    481.92738    1062.0833    53586.116   -765359.14    26.261478    1011.9225 
   55000    489.46839    1092.7572    46374.727      -765228    33.538414    1011.3124 
   55500    494.43844    1127.2099    43771.079   -765145.47    22.444111    1012.8851 
   56000     501.0392    1119.5108     43810.03   -765130.57    29.792572    1018.6178 
   56500    506.72045     1150.424    45706.242    -765164.8    26.759882    1020.7755 
   57000     510.0075    1135.8701    45703.613   -765305.54    32.261234    1026.3912 
   57500    514.57571    1135.9631      43461.5   -765521.91    28.660035    1030.8563 
   58000    518.91226    1138.9489    40598.486   -765693.18    25.972489     1027.214 
   58500    521.82832     1118.128    40191.891   -765803.93    25.729029    1023.6774 
   59000    524.75188    1098.4479    40627.415   -765919.09    26.886876     1021.996 
   59500    525.15813    1089.1539    41464.992   -766039.78    20.065003    1021.0992 
   60000    521.95194    1063.5995    43079.227   -766123.55    25.844009    1022.2897 
   60500    518.77893    1036.1968    44878.508    -766179.9    24.528346    1029.7313 
   61000    517.64376    1026.7723     45157.69   -766175.06    20.930193    1017.8654 
   61500    514.80413    1006.6631    47949.652   -766114.46    22.715329    1021.1736 
   62000    511.19034    989.81609    51033.465   -765997.55    22.288214    1020.9256 
   62500    508.23661    959.50853    54239.923   -765870.46    23.477553    1019.1087 
   63000    502.78866     963.1033    57004.359   -765761.57    20.881783    1012.0011 
   63500    497.96431     947.0871    58032.834   -765630.81     20.07654    1012.9406 
   64000    495.90673    933.19129    59045.811   -765463.06    21.603123    1010.9938 
   64500    491.80994    940.73414    60039.842   -765262.08    18.356443    1009.4074 
   65000    488.41141    929.66409    62463.585   -765066.92    18.660773    1008.9757 
   65500    491.12396    926.92801    65611.954   -764878.35    20.032625    1010.0145 
   66000    486.15323    930.81981    68264.401   -764683.25    19.269363    1014.7653 
   66500    484.03807     934.4677    66933.729   -764498.07    17.130962    1009.7423 
   67000    480.90916    944.08819    66298.372    -764312.6    22.349794    1015.0764 
   67500    478.60798    954.19256    68088.285   -764128.82    26.832663    1022.5656 
   68000    472.36723    948.81952    68543.932   -763927.55    18.589514    1018.4752 
   68500    475.15926    967.00803    70968.474   -763688.88    19.786151    1023.5209 
   69000    477.34833    982.10407    71946.982   -763456.24    20.063528    1023.9692 
   69500    477.98326    991.60642    72628.945   -763267.91     22.10741    1021.3047 
   70000    478.65019    1002.9378    71939.951   -763095.73    25.939806    1029.1372 
   70500    479.94378    997.13704    73326.113   -762919.51    27.406214    1030.1823 
   71000     479.1218     1005.738    73901.833   -762737.52    23.284916    1030.7294 
   71500    476.35436    1013.4352    74494.428   -762549.53    19.325168    1029.1018 
   72000    481.06329    1019.8945     73557.71   -762347.31     23.29626    1034.1702 
   72500    479.54181    1036.4536      73299.2   -762144.63    21.685658    1035.9755 
   73000    483.24459    1067.3985    74017.133   -761955.95      20.5658     1040.539 
   73500    482.90761    1090.0221    75648.349   -761795.11    28.129839    1044.6713 
   74000    486.68456    1095.5153    76358.503   -761627.16     27.47761    1051.2333 
   74500    485.08536    1105.8207    75743.445   -761426.85    27.969213    1048.7275 
   75000    489.81659    1128.4246    74096.519   -761224.44    27.198159    1048.0497 
   75500    489.61241    1143.9756    70585.272   -761032.98    22.382133    1044.4392 
   76000    495.63235    1167.1408    69286.635   -760849.68    24.751722     1046.554 
   76500    495.64855    1199.3208    65746.612   -760683.22    22.431759    1047.5263 
   77000    497.64626    1251.9481    63928.546    -760525.4    21.356107    1049.3077 
   77500    496.24406    1334.0672    59662.681   -760383.04    25.440712    1053.7564 
   78000     497.9266    1362.8882    56487.327   -760265.89    31.921725    1056.2838 
   78500    504.37028    1396.1137    54033.848   -760167.46    21.169727    1053.7503 
   79000    504.23622    1449.5798    50764.665   -760114.08    22.214475     1052.011 
   79500    503.38734    1493.4484    48606.149   -760127.08    26.818546    1059.1501 
   80000    508.16376    1519.3602    45143.426   -760202.07    29.699489    1059.3463 
   80500    511.45475    1540.5394    42449.501   -760299.46    33.165137    1061.4953 
   81000    512.91622    1551.9548     39248.61   -760449.86    22.359927    1053.0493 
   81500      515.507    1565.4607    38692.966   -760648.52    28.241546    1064.0345 
   82000    518.12391    1558.1584    37213.782   -760903.72    22.482167    1059.7339 
   82500    516.33614    1543.8458    34977.633   -761157.14    23.718072    1057.5911 
   83000    522.62777    1529.9362    33051.062   -761426.92    43.951799    1053.3926 
   83500    525.30768    1476.3092    30795.417   -761695.37    20.554286    1049.4029 
   84000    521.14696    1469.7195    29728.925   -761931.14     32.02563     1044.204 
   84500    523.91835    1445.5236    29843.182   -762112.83    22.283154    1049.4085 
   85000    525.20629    1423.7186    30284.524   -762279.66    28.265334    1044.5403 
   85500    524.46148    1420.4809    34006.577   -762393.47    19.518544    1047.4375 
   86000    523.93348    1400.7511    37696.843   -762489.52    22.761242    1045.8475 
   86500     523.1257    1381.4843    37859.501   -762552.52    24.408062    1039.8985 
   87000     516.5219    1385.7836    39239.027   -762622.45    26.094941    1041.2723 
   87500    510.82784     1357.915    43157.701   -762658.17    21.171307    1042.8464 
   88000    506.35066    1317.4247    44820.864   -762674.78    20.330651    1038.5308 
   88500    501.80517    1329.4528     45185.31   -762645.13    24.964099    1037.2522 
   89000    495.46195    1296.9675    45756.278   -762601.87    31.429024    1038.5073 
   89500    494.85527    1283.8116    47170.568   -762560.94    19.723875    1034.1465 
   90000    491.87626    1279.6551     50870.28   -762475.64    22.811122    1034.7747 
   90500    487.40743    1286.2151    55317.746   -762384.83    25.568177    1042.3401 
   91000    488.54443    1280.4089    58225.214    -762286.5    33.185362    1038.4747 
   91500    487.15972    1265.1071    59351.103   -762168.78    17.403191    1035.7358 
   92000    483.32777    1265.9771    58927.426   -761987.45    26.405723    1038.4865 
   92500    484.27934    1244.3458    60590.646   -761801.09    24.703742    1039.7432 
   93000    485.53951    1261.2266      63453.3   -761617.25    20.983536    1040.8446 
   93500    485.46981    1249.6477    66498.486   -761452.28     20.68274     1044.961 
   94000    483.18596    1250.3158    69055.316   -761286.26    20.747093    1050.9794 
   94500    485.32368    1267.7777    68709.665   -761123.59    19.048131    1047.5855 
   95000    485.93909    1262.9881    68749.177   -760961.79    23.433667    1047.9569 
   95500    487.80817    1266.0133    70977.496   -760763.75    21.977149    1047.0709 
   96000    485.26437     1270.048    73937.577   -760551.28    23.864331    1050.9379 
   96500    487.16335    1270.8069    75767.908   -760331.48     23.25169    1060.9069 
   97000    488.99395    1280.6678    75943.816   -760165.79     25.01374    1054.9492 
   97500    488.04226    1277.4128    75283.314   -759993.63    22.811566    1058.1606 
   98000    491.48865    1272.3471    75683.745      -759834    24.573932    1063.2263 
   98500    491.75828     1282.946    75219.204    -759666.7     20.77886    1062.6439 
   99000     490.2629     1276.112    76658.964   -759516.88    19.671279    1061.6502 
   99500    490.79499    1292.3529    80663.613   -759377.49    20.494612    1069.4021 
  100000    493.52321    1292.8884    83382.198   -759262.99    27.739716    1073.8614 
  100500    488.82363     1302.818    83751.385   -759147.54    22.065713    1074.4905 
  101000    489.35842    1279.9581    84054.876   -759066.64    19.162585     1070.449 
  101500    487.71026    1302.4391    83104.064   -758960.98    22.908556    1067.1549 
  102000    483.98893     1298.471    84673.014   -758837.78    21.827929    1075.4772 
  102500    484.45861     1283.126     85354.33   -758676.28    24.423107    1075.1694 
  103000    482.67789     1281.817    86218.659    -758512.3    24.642934    1072.9477 
  103500    481.92866    1287.2353    88344.015   -758306.79    28.851048    1078.9634 
  104000     485.4232    1281.9021    89660.729   -758107.54    18.160934    1072.4985 
  104500    483.75795     1286.961    90610.375   -757896.16    24.358541    1075.7323 
  105000    484.49005    1286.7985    92588.124   -757670.66    20.811078    1082.2847 
  105500    484.61407    1278.2776    91910.846   -757443.67    31.016187    1079.2695 
  106000    487.16982    1290.7908    94003.078   -757202.31    20.920722    1080.1898 
  106500    486.28287     1298.666     96757.84   -756950.81    19.740332    1087.2785 
  107000    487.57407    1315.3169     96071.82   -756691.03    21.353866    1085.3716 
  107500    486.29308    1327.3835    94843.123    -756439.4    23.534616     1085.268 
  108000    486.94298    1336.0435    95501.411    -756178.4    24.058462    1083.2095 
  108500    485.47547    1350.8091    96127.008   -755947.35    26.814834    1088.1595 
  109000    490.03645    1371.3066    97327.686   -755707.47     23.21401    1092.0726 
  109500    490.36662    1412.3679    94364.704   -755494.86    29.641165    1086.5272 
  110000    492.80825     1487.589    89381.025   -755318.31    23.258276    1096.1857 
  110500    488.24031    1583.7247    84615.201   -755149.02    37.607087    1105.2717 
  111000    491.19331    1676.9805    81660.162   -755008.91    24.112538    1105.7839 
  111500    489.13192    1761.5509    75815.899   -754900.97    28.775065    1104.6986 
  112000    490.95928    1824.1733     70686.76   -754796.52     26.39262    1105.9956 
  112500    491.58253     1831.038    63899.204   -754701.32    20.892351    1101.4437 
  113000    496.03626    1830.0537    60270.958   -754654.04    30.407105    1106.9418 
  113500    496.33835    1850.3564    57658.382    -754688.9    23.343438    1108.1422 
  114000    497.60549    1867.4705    55630.392   -754788.42    29.041311    1104.8152 
  114500    500.37644    1877.2584     54289.84   -755003.38    31.396023    1112.5715 
  115000     502.6767    1906.3513    51420.518   -755224.14    30.332767    1114.5361 
  115500    501.75036    1921.6026     43828.85   -755478.08    32.785841    1109.7247 
  116000    501.48978    1928.0359    39403.702   -755724.66    27.082674     1111.961 
  116500    507.63972     1936.804    36089.549    -755944.3     23.92179    1099.4452 
  117000    511.08399    1912.1892    35078.838   -756161.29    22.493221    1097.4168 
  117500    509.11958     1880.129    35884.892   -756382.27    26.949368    1103.5289 
  118000    509.85276    1865.9529    33685.526   -756571.01    24.510741    1099.6116 
  118500    508.94277    1863.6821     33266.83   -756731.81    39.632526     1095.987 
  119000    510.75179    1852.6696    31695.163   -756858.51    19.621846    1088.0791 
  119500     508.0084    1849.3374    31489.913   -756962.76    25.245511    1088.2585 
  120000    507.45928    1823.8714    33614.615   -757052.75    26.956203    1090.5364 
  120500    510.08966    1795.6278    37307.158   -757153.92    31.130598    1096.3731 
  121000    504.66965    1798.8021    39765.642   -757274.76    21.838631    1092.5924 
  121500    504.18602    1813.4914    39504.342   -757373.15    25.338248    1086.5932 
  122000    500.51361    1771.7013    40155.116   -757460.08    47.495882    1090.0945 
  122500    502.86167    1778.3106    41159.108   -757507.24     22.54937     1090.065 
  123000     501.8826    1754.9619    40745.727   -757528.15    21.505238    1082.2784 
  123500    497.40814    1737.8583    42903.148   -757527.89     22.64161    1089.2191 
  124000    500.01071    1737.7247    43677.502   -757536.99    22.762794    1087.2445 
  124500    497.16221    1735.1035    46664.039    -757537.7    22.340872     1090.336 
  125000    499.01704    1718.4661    47803.119   -757520.91    26.670282    1085.0874 
  125500    496.25489    1730.7476    49175.667   -757492.09    21.947099    1085.0444 
  126000    493.95032    1707.5213    51619.644   -757450.88    24.963353    1087.8913 
  126500    491.74067    1686.4277    52486.344    -757380.8    23.263574    1085.8932 
  127000    489.84166    1691.8656    52403.516    -757313.7    18.968064    1086.3192 
  127500    490.19269    1684.5174    53572.351    -757272.2    22.252643    1085.6271 
  128000    486.86641    1679.4156    54946.571   -757208.35    22.306706    1082.7444 
  128500    486.29936    1686.5088    56617.904   -757143.53    29.607164     1087.925 
  129000    486.83139    1676.4576    56415.482   -757077.43    20.682035    1082.0938 
  129500    484.00503    1655.5286    58160.099   -757011.01    22.514302    1087.0793 
  130000    486.12571    1668.1807     59692.11   -756924.12    23.828953    1089.3686 
  130500    481.46397    1667.2996    61432.389   -756817.69    27.701415    1093.2653 
  131000    481.17117    1696.4103    63002.726   -756721.51    26.522042    1098.1963 
  131500    482.73586    1664.2635    63574.121   -756625.25     25.87186    1100.9984 
  132000    483.79455    1666.9703    63978.607      -756501    29.165012    1092.7741 
  132500    487.26487    1629.1039    66146.118   -756356.79    18.647059    1096.8148 
  133000    487.33502     1662.692    67463.715   -756219.06    27.467557     1097.469 
  133334    490.35701    1648.6112    68889.182   -756131.33    24.075015    1097.4917 
Loop time of 31480.6 on 1 procs for 133334 steps with 113765 atoms

Pair  time (%) = 7436.97 (23.624)
Neigh time (%) = 1145.79 (3.63968)
Comm  time (%) = 1115.02 (3.54193)
Outpt time (%) = 160.846 (0.510935)
Other time (%) = 21622 (68.6835)

Nlocal:    113765 ave 113765 max 113765 min
Histogram: 1 0 0 0 0 0 0 0 0 0
Nghost:    75774 ave 75774 max 75774 min
Histogram: 1 0 0 0 0 0 0 0 0 0
Neighs:    0 ave 0 max 0 min
Histogram: 1 0 0 0 0 0 0 0 0 0
FullNghs:  8.13542e+06 ave 8.13542e+06 max 8.13542e+06 min
Histogram: 1 0 0 0 0 0 0 0 0 0

Total # of neighbors = 8135424
Ave neighs/atom = 71.5108
Neighbor list builds = 13333
Dangerous builds = 0
#run   133333  # if vx = -3.0
#run	200000  # if vx = -2.0
#run   400000  # if vx = -1.0



######################################
# SIMULATION DONE

shell echo "Cutting simulation has completed -- ${respath}" | mail -s "LAMMPS - simulation done" chris-fung1125@hotmail.com
shell curl -u v1xLeCC9qPNypWqVabP5ydNPIv94Kuo9guujz7K8nZUaq: https://api.pushbullet.com/v2/pushes -d type=note -d device_iden="ujz7K8nZUaqsjAgWOzmngO" -d title="Push from KhrisU" -d body="LAMMPS -- Simulation is finish"



print "All done"
All done

